2017-04-09 17:24:06,234 [Worker-35] INFO  o.e.m.c.i.e.AbstractTransferListenerAdapter - Downloading http://maven.wso2.org/nexus/content/groups/wso2-public/org/codehaus/mojo/exec-maven-plugin/1.4.0/exec-maven-plugin-1.4.0.pom
2017-04-09 17:24:06,479 [Worker-35] INFO  o.e.m.c.i.e.AbstractTransferListenerAdapter - Downloaded http://maven.wso2.org/nexus/content/groups/wso2-public/org/codehaus/mojo/exec-maven-plugin/1.4.0/exec-maven-plugin-1.4.0.pom
2017-04-09 17:24:06,696 [Worker-35] INFO  o.e.m.c.i.e.AbstractTransferListenerAdapter - Downloading http://maven.wso2.org/nexus/content/groups/wso2-public/org/codehaus/mojo/mojo-parent/34/mojo-parent-34.pom
2017-04-09 17:24:07,198 [Worker-35] INFO  o.e.m.c.i.e.AbstractTransferListenerAdapter - Downloaded http://maven.wso2.org/nexus/content/groups/wso2-public/org/codehaus/mojo/mojo-parent/34/mojo-parent-34.pom
2017-04-09 17:24:08,375 [Worker-35] INFO  o.e.m.c.i.e.AbstractTransferListenerAdapter - Downloading http://maven.wso2.org/nexus/content/groups/wso2-public/org/apache/commons/commons-exec/1.3/commons-exec-1.3.pom
2017-04-09 17:24:08,585 [Worker-35] INFO  o.e.m.c.i.e.AbstractTransferListenerAdapter - Downloaded http://maven.wso2.org/nexus/content/groups/wso2-public/org/apache/commons/commons-exec/1.3/commons-exec-1.3.pom
2017-04-09 17:24:08,911 [Worker-35] INFO  o.e.m.c.i.e.AbstractTransferListenerAdapter - Downloading http://maven.wso2.org/nexus/content/groups/wso2-public/org/codehaus/mojo/exec-maven-plugin/1.4.0/exec-maven-plugin-1.4.0.jar
2017-04-09 17:24:09,363 [Worker-35] INFO  o.e.m.c.i.e.AbstractTransferListenerAdapter - Downloaded http://maven.wso2.org/nexus/content/groups/wso2-public/org/codehaus/mojo/exec-maven-plugin/1.4.0/exec-maven-plugin-1.4.0.jar
2017-04-09 17:24:09,601 [Worker-35] INFO  o.e.m.c.i.e.AbstractTransferListenerAdapter - Downloading http://maven.wso2.org/nexus/content/groups/wso2-public/org/apache/commons/commons-exec/1.3/commons-exec-1.3.jar
2017-04-09 17:24:10,019 [Worker-35] INFO  o.e.m.c.i.e.AbstractTransferListenerAdapter - Downloaded http://maven.wso2.org/nexus/content/groups/wso2-public/org/apache/commons/commons-exec/1.3/commons-exec-1.3.jar
2017-04-09 17:24:11,020 [Worker-35] INFO  o.e.m.c.i.e.AbstractTransferListenerAdapter - Downloading http://maven.wso2.org/nexus/content/groups/wso2-public/org/wso2/maven/wso2-general-project-plugin/2.1.0/wso2-general-project-plugin-2.1.0.pom
2017-04-09 17:24:11,431 [Worker-35] INFO  o.e.m.c.i.e.AbstractTransferListenerAdapter - Downloaded http://maven.wso2.org/nexus/content/groups/wso2-public/org/wso2/maven/wso2-general-project-plugin/2.1.0/wso2-general-project-plugin-2.1.0.pom
2017-04-09 17:24:11,640 [Worker-35] INFO  o.e.m.c.i.e.AbstractTransferListenerAdapter - Downloading http://maven.wso2.org/nexus/content/groups/wso2-public/org/wso2/maven/maven-tools/5.0.0/maven-tools-5.0.0.pom
2017-04-09 17:24:11,861 [Worker-35] INFO  o.e.m.c.i.e.AbstractTransferListenerAdapter - Downloaded http://maven.wso2.org/nexus/content/groups/wso2-public/org/wso2/maven/maven-tools/5.0.0/maven-tools-5.0.0.pom
2017-04-09 17:24:12,127 [Worker-35] INFO  o.e.m.c.i.e.AbstractTransferListenerAdapter - Downloading http://maven.wso2.org/nexus/content/groups/wso2-public/biz/aQute/bndlib/0.0.357/bndlib-0.0.357.pom
2017-04-09 17:24:12,332 [Worker-35] INFO  o.e.m.c.i.e.AbstractTransferListenerAdapter - Downloaded http://maven.wso2.org/nexus/content/groups/wso2-public/biz/aQute/bndlib/0.0.357/bndlib-0.0.357.pom
2017-04-09 17:24:12,605 [Worker-35] INFO  o.e.m.c.i.e.AbstractTransferListenerAdapter - Downloading http://maven.wso2.org/nexus/content/groups/wso2-public/org/apache/felix/org.apache.felix.bundlerepository/1.6.2/org.apache.felix.bundlerepository-1.6.2.pom
2017-04-09 17:24:12,824 [Worker-35] INFO  o.e.m.c.i.e.AbstractTransferListenerAdapter - Downloaded http://maven.wso2.org/nexus/content/groups/wso2-public/org/apache/felix/org.apache.felix.bundlerepository/1.6.2/org.apache.felix.bundlerepository-1.6.2.pom
2017-04-09 17:24:13,032 [Worker-35] INFO  o.e.m.c.i.e.AbstractTransferListenerAdapter - Downloading http://maven.wso2.org/nexus/content/groups/wso2-public/org/apache/felix/felix-parent/1.2.1/felix-parent-1.2.1.pom
2017-04-09 17:24:13,242 [Worker-35] INFO  o.e.m.c.i.e.AbstractTransferListenerAdapter - Downloaded http://maven.wso2.org/nexus/content/groups/wso2-public/org/apache/felix/felix-parent/1.2.1/felix-parent-1.2.1.pom
2017-04-09 17:24:13,825 [Worker-35] INFO  o.e.m.c.i.e.AbstractTransferListenerAdapter - Downloading http://maven.wso2.org/nexus/content/groups/wso2-public/org/codehaus/plexus/plexus-container-default/1.5.4/plexus-container-default-1.5.4.pom
2017-04-09 17:24:14,032 [Worker-35] INFO  o.e.m.c.i.e.AbstractTransferListenerAdapter - Downloaded http://maven.wso2.org/nexus/content/groups/wso2-public/org/codehaus/plexus/plexus-container-default/1.5.4/plexus-container-default-1.5.4.pom
2017-04-09 17:24:14,853 [Worker-35] INFO  o.e.m.c.i.e.AbstractTransferListenerAdapter - Downloading http://maven.wso2.org/nexus/content/groups/wso2-public/org/wso2/maven/org.wso2.maven.capp/2.1.0/org.wso2.maven.capp-2.1.0.pom
2017-04-09 17:24:15,062 [Worker-35] INFO  o.e.m.c.i.e.AbstractTransferListenerAdapter - Downloaded http://maven.wso2.org/nexus/content/groups/wso2-public/org/wso2/maven/org.wso2.maven.capp/2.1.0/org.wso2.maven.capp-2.1.0.pom
2017-04-09 17:24:15,358 [Worker-35] INFO  o.e.m.c.i.e.AbstractTransferListenerAdapter - Downloading http://maven.wso2.org/nexus/content/groups/wso2-public/org/wso2/maven/org.wso2.maven.utils/2.1.0/org.wso2.maven.utils-2.1.0.pom
2017-04-09 17:24:15,609 [Worker-35] INFO  o.e.m.c.i.e.AbstractTransferListenerAdapter - Downloaded http://maven.wso2.org/nexus/content/groups/wso2-public/org/wso2/maven/org.wso2.maven.utils/2.1.0/org.wso2.maven.utils-2.1.0.pom
2017-04-09 17:24:15,820 [Worker-35] INFO  o.e.m.c.i.e.AbstractTransferListenerAdapter - Downloading http://maven.wso2.org/nexus/content/groups/wso2-public/org/wso2/maven/org.wso2.maven.core/2.1.0/org.wso2.maven.core-2.1.0.pom
2017-04-09 17:24:16,034 [Worker-35] INFO  o.e.m.c.i.e.AbstractTransferListenerAdapter - Downloaded http://maven.wso2.org/nexus/content/groups/wso2-public/org/wso2/maven/org.wso2.maven.core/2.1.0/org.wso2.maven.core-2.1.0.pom
2017-04-09 17:24:16,639 [Worker-35] INFO  o.e.m.c.i.e.AbstractTransferListenerAdapter - Downloading http://maven.wso2.org/nexus/content/groups/wso2-public/org/wso2/maven/org.wso2.maven.registry/2.1.0/org.wso2.maven.registry-2.1.0.pom
2017-04-09 17:24:17,028 [Worker-35] INFO  o.e.m.c.i.e.AbstractTransferListenerAdapter - Downloaded http://maven.wso2.org/nexus/content/groups/wso2-public/org/wso2/maven/org.wso2.maven.registry/2.1.0/org.wso2.maven.registry-2.1.0.pom
2017-04-09 17:24:17,520 [Worker-35] INFO  o.e.m.c.i.e.AbstractTransferListenerAdapter - Downloading http://maven.wso2.org/nexus/content/groups/wso2-public/org/wso2/maven/wso2-general-project-plugin/2.1.0/wso2-general-project-plugin-2.1.0.jar
2017-04-09 17:24:17,927 [Worker-35] INFO  o.e.m.c.i.e.AbstractTransferListenerAdapter - Downloaded http://maven.wso2.org/nexus/content/groups/wso2-public/org/wso2/maven/wso2-general-project-plugin/2.1.0/wso2-general-project-plugin-2.1.0.jar
2017-04-09 17:24:18,132 [Worker-35] INFO  o.e.m.c.i.e.AbstractTransferListenerAdapter - Downloading http://maven.wso2.org/nexus/content/groups/wso2-public/biz/aQute/bndlib/0.0.357/bndlib-0.0.357.jar
2017-04-09 17:24:18,868 [Worker-35] INFO  o.e.m.c.i.e.AbstractTransferListenerAdapter - Downloaded http://maven.wso2.org/nexus/content/groups/wso2-public/biz/aQute/bndlib/0.0.357/bndlib-0.0.357.jar
2017-04-09 17:24:19,076 [Worker-35] INFO  o.e.m.c.i.e.AbstractTransferListenerAdapter - Downloading http://maven.wso2.org/nexus/content/groups/wso2-public/org/apache/felix/org.apache.felix.bundlerepository/1.6.2/org.apache.felix.bundlerepository-1.6.2.jar
2017-04-09 17:24:19,438 [Worker-35] INFO  o.e.m.c.i.e.AbstractTransferListenerAdapter - Downloaded http://maven.wso2.org/nexus/content/groups/wso2-public/org/apache/felix/org.apache.felix.bundlerepository/1.6.2/org.apache.felix.bundlerepository-1.6.2.jar
2017-04-09 17:24:19,655 [Worker-35] INFO  o.e.m.c.i.e.AbstractTransferListenerAdapter - Downloading http://maven.wso2.org/nexus/content/groups/wso2-public/org/codehaus/plexus/plexus-component-annotations/1.5.4/plexus-component-annotations-1.5.4.jar
2017-04-09 17:24:19,861 [Worker-35] INFO  o.e.m.c.i.e.AbstractTransferListenerAdapter - Downloaded http://maven.wso2.org/nexus/content/groups/wso2-public/org/codehaus/plexus/plexus-component-annotations/1.5.4/plexus-component-annotations-1.5.4.jar
2017-04-09 17:24:20,088 [Worker-35] INFO  o.e.m.c.i.e.AbstractTransferListenerAdapter - Downloading http://maven.wso2.org/nexus/content/groups/wso2-public/org/codehaus/plexus/plexus-container-default/1.5.4/plexus-container-default-1.5.4.jar
2017-04-09 17:24:20,504 [Worker-35] INFO  o.e.m.c.i.e.AbstractTransferListenerAdapter - Downloaded http://maven.wso2.org/nexus/content/groups/wso2-public/org/codehaus/plexus/plexus-container-default/1.5.4/plexus-container-default-1.5.4.jar
2017-04-09 17:24:20,709 [Worker-35] INFO  o.e.m.c.i.e.AbstractTransferListenerAdapter - Downloading http://maven.wso2.org/nexus/content/groups/wso2-public/org/wso2/maven/org.wso2.maven.capp/2.1.0/org.wso2.maven.capp-2.1.0.jar
2017-04-09 17:24:20,935 [Worker-35] INFO  o.e.m.c.i.e.AbstractTransferListenerAdapter - Downloaded http://maven.wso2.org/nexus/content/groups/wso2-public/org/wso2/maven/org.wso2.maven.capp/2.1.0/org.wso2.maven.capp-2.1.0.jar
2017-04-09 17:24:21,146 [Worker-35] INFO  o.e.m.c.i.e.AbstractTransferListenerAdapter - Downloading http://maven.wso2.org/nexus/content/groups/wso2-public/org/apache/ws/commons/axiom/wso2/axiom/1.2.11.wso2v4/axiom-1.2.11.wso2v4.jar
2017-04-09 17:24:22,820 [Worker-35] INFO  o.e.m.c.i.e.AbstractTransferListenerAdapter - Downloaded http://maven.wso2.org/nexus/content/groups/wso2-public/org/apache/ws/commons/axiom/wso2/axiom/1.2.11.wso2v4/axiom-1.2.11.wso2v4.jar
2017-04-09 17:24:23,052 [Worker-35] INFO  o.e.m.c.i.e.AbstractTransferListenerAdapter - Downloading http://maven.wso2.org/nexus/content/groups/wso2-public/org/wso2/maven/org.wso2.maven.core/2.1.0/org.wso2.maven.core-2.1.0.jar
2017-04-09 17:24:23,283 [Worker-35] INFO  o.e.m.c.i.e.AbstractTransferListenerAdapter - Downloaded http://maven.wso2.org/nexus/content/groups/wso2-public/org/wso2/maven/org.wso2.maven.core/2.1.0/org.wso2.maven.core-2.1.0.jar
2017-04-09 17:24:23,490 [Worker-35] INFO  o.e.m.c.i.e.AbstractTransferListenerAdapter - Downloading http://maven.wso2.org/nexus/content/groups/wso2-public/org/wso2/maven/org.wso2.maven.utils/2.1.0/org.wso2.maven.utils-2.1.0.jar
2017-04-09 17:24:23,720 [Worker-35] INFO  o.e.m.c.i.e.AbstractTransferListenerAdapter - Downloaded http://maven.wso2.org/nexus/content/groups/wso2-public/org/wso2/maven/org.wso2.maven.utils/2.1.0/org.wso2.maven.utils-2.1.0.jar
2017-04-09 17:24:24,128 [Worker-35] INFO  o.e.m.c.i.e.AbstractTransferListenerAdapter - Downloading http://maven.wso2.org/nexus/content/groups/wso2-public/org/wso2/maven/org.wso2.maven.registry/2.1.0/org.wso2.maven.registry-2.1.0.jar
2017-04-09 17:24:24,527 [Worker-35] INFO  o.e.m.c.i.e.AbstractTransferListenerAdapter - Downloaded http://maven.wso2.org/nexus/content/groups/wso2-public/org/wso2/maven/org.wso2.maven.registry/2.1.0/org.wso2.maven.registry-2.1.0.jar
